

Microchip MPLAB XC8 Assembler V2.32 build 20210201212658 
                                                                                               Fri Jul 23 19:48:33 2021

Microchip MPLAB XC8 C Compiler v2.32 (Free license) build 20210201212658 Og9 
     1                           	processor	18F452
     2                           	fnconf	rparam,??,?,0
     3                           	pagewidth 120
     4                           	opt	flic
     5                           	psect	cinit,global,reloc=2,class=CODE,delta=1
     6                           	psect	cstackCOMRAM,global,class=COMRAM,space=1,delta=1,lowdata,noexec
     7                           	psect	text0,global,reloc=2,class=CODE,delta=1
     8                           	psect	text1,global,reloc=2,class=CODE,delta=1
     9                           	psect	intsave_regs,global,class=BIGRAM,space=1,delta=1,noexec
    10                           	psect	rparam,global,class=COMRAM,space=1,delta=1,noexec
    11                           	psect	idloc,global,abs,ovrld,class=IDLOC,space=5,delta=1,noexec
    12                           	psect	config,global,abs,ovrld,class=CONFIG,space=4,delta=1,noexec
    13  0000                     
    14                           ; Version 2.32
    15                           ; Generated 02/02/2021 GMT
    16                           ; 
    17                           ; Copyright © 2021, Microchip Technology Inc. and its subsidiaries ("Microchip")
    18                           ; All rights reserved.
    19                           ; 
    20                           ; This software is developed by Microchip Technology Inc. and its subsidiaries ("Microch
      +                          ip").
    21                           ; 
    22                           ; Redistribution and use in source and binary forms, with or without modification, are
    23                           ; permitted provided that the following conditions are met:
    24                           ; 
    25                           ;     1. Redistributions of source code must retain the above copyright notice, this lis
      +                          t of
    26                           ;        conditions and the following disclaimer.
    27                           ; 
    28                           ;     2. Redistributions in binary form must reproduce the above copyright notice, this 
      +                          list
    29                           ;        of conditions and the following disclaimer in the documentation and/or other
    30                           ;        materials provided with the distribution. Publication is not required when
    31                           ;        this file is used in an embedded application.
    32                           ; 
    33                           ;     3. Microchip's name may not be used to endorse or promote products derived from th
      +                          is
    34                           ;        software without specific prior written permission.
    35                           ; 
    36                           ; THIS SOFTWARE IS PROVIDED BY MICROCHIP "AS IS" AND ANY EXPRESS OR IMPLIED WARRANTIES,
    37                           ; INCLUDING, BUT NOT LIMITED TO, THE IMPLIED WARRANTIES OF MERCHANTABILITY AND FITNESS F
      +                          OR
    38                           ; PURPOSE ARE DISCLAIMED.  IN NO EVENT SHALL MICROCHIP BE LIABLE FOR ANY DIRECT, INDIREC
      +                          T,
    39                           ; INCIDENTAL, SPECIAL, EXEMPLARY, OR CONSEQUENTIAL DAMAGES (INCLUDING BUT NOT LIMITED TO
    40                           ; PROCUREMENT OF SUBSTITUTE GOODS OR SERVICES; LOSS OF USE, DATA OR PROFITS; OR BUSINESS
    41                           ; INTERRUPTION) HOWSOEVER CAUSED AND ON ANY THEORY OF LIABILITY, WHETHER IN CONTRACT, ST
      +                          RICT
    42                           ; LIABILITY, OR TORT (INCLUDING NEGLIGENCE OR OTHERWISE) ARISING IN ANY WAY OUT OF THE U
      +                          SE OF
    43                           ; THIS SOFTWARE, EVEN IF ADVISED OF THE POSSIBILITY OF SUCH DAMAGE.
    44                           ; 
    45                           ; 
    46                           ; Code-generator required, PIC18F452 Definitions
    47                           ; 
    48                           ; SFR Addresses
    49  0000                     _ADRESH	set	4036
    50  0000                     _PORTD	set	3971
    51  0000                     _ADRESL	set	4035
    52  0000                     _PORTC	set	3970
    53  0000                     _ADCON0bits	set	4034
    54  0000                     _ADCON1	set	4033
    55  0000                     _ADCON0	set	4034
    56  0000                     _TRISAbits	set	3986
    57  0000                     _TRISD	set	3989
    58  0000                     _TRISC	set	3988
    59                           
    60                           ; #config settings
    61                           
    62                           	psect	cinit
    63  003F74                     __pcinit:
    64                           	callstack 0
    65  003F74                     start_initialization:
    66                           	callstack 0
    67  003F74                     __initialization:
    68                           	callstack 0
    69  003F74                     end_of_initialization:
    70                           	callstack 0
    71  003F74                     __end_of__initialization:
    72                           	callstack 0
    73  003F74  0100               	movlb	0
    74  003F76  EFBD  F01F         	goto	_main	;jump to C main() function
    75                           
    76                           	psect	cstackCOMRAM
    77  000001                     __pcstackCOMRAM:
    78                           	callstack 0
    79  000001                     DELAY@i:
    80                           	callstack 0
    81                           
    82                           ; 2 bytes @ 0x0
    83  000001                     	ds	2
    84  000003                     DELAY@j:
    85                           	callstack 0
    86                           
    87                           ; 2 bytes @ 0x2
    88  000003                     	ds	2
    89  000005                     DELAY@k:
    90                           	callstack 0
    91                           
    92                           ; 2 bytes @ 0x4
    93  000005                     	ds	2
    94  000007                     
    95                           ; 1 bytes @ 0x6
    96 ;;
    97 ;;Main: autosize = 0, tempsize = 0, incstack = 0, save=0
    98 ;;
    99 ;; *************** function _main *****************
   100 ;; Defined at:
   101 ;;		line 6 in file "main.c"
   102 ;; Parameters:    Size  Location     Type
   103 ;;		None
   104 ;; Auto vars:     Size  Location     Type
   105 ;;		None
   106 ;; Return value:  Size  Location     Type
   107 ;;                  2   26[None  ] int 
   108 ;; Registers used:
   109 ;;		wreg, status,2, status,0, cstack
   110 ;; Tracked objects:
   111 ;;		On entry : 0/0
   112 ;;		On exit  : 0/0
   113 ;;		Unchanged: 0/0
   114 ;; Data sizes:     COMRAM   BANK0   BANK1   BANK2   BANK3   BANK4   BANK5
   115 ;;      Params:         0       0       0       0       0       0       0
   116 ;;      Locals:         0       0       0       0       0       0       0
   117 ;;      Temps:          0       0       0       0       0       0       0
   118 ;;      Totals:         0       0       0       0       0       0       0
   119 ;;Total ram usage:        0 bytes
   120 ;; Hardware stack levels required when called: 1
   121 ;; This function calls:
   122 ;;		_DELAY
   123 ;; This function is called by:
   124 ;;		Startup code after reset
   125 ;; This function uses a non-reentrant model
   126 ;;
   127                           
   128                           	psect	text0
   129  003F7A                     __ptext0:
   130                           	callstack 0
   131  003F7A                     _main:
   132                           	callstack 0
   133  003F7A  FFFF               	dw	65535	; assembler added errata NOP
   134                           
   135                           ;main.c: 8: TRISC = 0;
   136                           
   137                           ;incstack = 0
   138  003F7C  0E00               	movlw	0
   139  003F7E  6E94               	movwf	148,c	;volatile
   140                           
   141                           ;main.c: 9: TRISD = 0;
   142  003F80  0E00               	movlw	0
   143  003F82  6E95               	movwf	149,c	;volatile
   144                           
   145                           ;main.c: 10: TRISAbits.TRISA0 = 0;
   146  003F84  9092               	bcf	146,0,c	;volatile
   147                           
   148                           ;main.c: 11: ADCON0 = 0x81;
   149  003F86  0E81               	movlw	129
   150  003F88  6EC2               	movwf	194,c	;volatile
   151                           
   152                           ;main.c: 12: ADCON1 = 0xCE;
   153  003F8A  0ECE               	movlw	206
   154  003F8C  6EC1               	movwf	193,c	;volatile
   155  003F8E                     l835:
   156  003F8E  FFFF               	dw	65535	; assembler added errata NOP
   157                           
   158                           ;main.c: 15: {;main.c: 16: DELAY(1);
   159  003F90  0E00               	movlw	0
   160  003F92  6E02               	movwf	(DELAY@i+1)^0,c
   161  003F94  0E01               	movlw	1
   162  003F96  6E01               	movwf	DELAY@i^0,c
   163  003F98  ECDD  F01F         	call	_DELAY	;wreg free
   164                           
   165                           ;main.c: 17: ADCON0bits.GO = 1;
   166  003F9C  84C2               	bsf	194,2,c	;volatile
   167  003F9E                     l28:
   168  003F9E  FFFF               	dw	65535	; assembler added errata NOP
   169  003FA0  B4C2               	btfsc	194,2,c	;volatile
   170  003FA2  D7FD               	goto	l28
   171                           
   172                           ;main.c: 19: PORTC = ADRESL;
   173  003FA4  CFC3 FF82          	movff	4035,3970	;volatile
   174                           
   175                           ;main.c: 20: PORTD = ADRESH;
   176  003FA8  CFC4 FF83          	movff	4036,3971	;volatile
   177                           
   178                           ;main.c: 21: DELAY(250);
   179  003FAC  0E00               	movlw	0
   180  003FAE  6E02               	movwf	(DELAY@i+1)^0,c
   181  003FB0  0EFA               	movlw	250
   182  003FB2  6E01               	movwf	DELAY@i^0,c
   183  003FB4  ECDD  F01F         	call	_DELAY	;wreg free
   184  003FB8  D7EA               	goto	l835
   185  003FBA                     __end_of_main:
   186                           	callstack 0
   187                           
   188 ;; *************** function _DELAY *****************
   189 ;; Defined at:
   190 ;;		line 25 in file "main.c"
   191 ;; Parameters:    Size  Location     Type
   192 ;;  i               2    0[COMRAM] unsigned int 
   193 ;; Auto vars:     Size  Location     Type
   194 ;;  k               2    4[COMRAM] int 
   195 ;;  j               2    2[COMRAM] int 
   196 ;; Return value:  Size  Location     Type
   197 ;;                  1    wreg      void 
   198 ;; Registers used:
   199 ;;		wreg, status,2, status,0
   200 ;; Tracked objects:
   201 ;;		On entry : 0/0
   202 ;;		On exit  : 0/0
   203 ;;		Unchanged: 0/0
   204 ;; Data sizes:     COMRAM   BANK0   BANK1   BANK2   BANK3   BANK4   BANK5
   205 ;;      Params:         2       0       0       0       0       0       0
   206 ;;      Locals:         4       0       0       0       0       0       0
   207 ;;      Temps:          0       0       0       0       0       0       0
   208 ;;      Totals:         6       0       0       0       0       0       0
   209 ;;Total ram usage:        6 bytes
   210 ;; Hardware stack levels used: 1
   211 ;; This function calls:
   212 ;;		Nothing
   213 ;; This function is called by:
   214 ;;		_main
   215 ;; This function uses a non-reentrant model
   216 ;;
   217                           
   218                           	psect	text1
   219  003FBA                     __ptext1:
   220                           	callstack 0
   221  003FBA                     _DELAY:
   222                           	callstack 0
   223  003FBA  FFFF               	dw	65535	; assembler added errata NOP
   224                           
   225                           ;main.c: 27: for (int j = 0; j < i; j++)
   226                           
   227                           ;incstack = 0
   228  003FBC  0E00               	movlw	0
   229  003FBE  6E04               	movwf	(DELAY@j+1)^0,c
   230  003FC0  0E00               	movlw	0
   231  003FC2  6E03               	movwf	DELAY@j^0,c
   232  003FC4  D012               	goto	l829
   233  003FC6                     l817:
   234  003FC6  FFFF               	dw	65535	; assembler added errata NOP
   235                           
   236                           ;main.c: 28: for (int k = 0; k < 5; k++);
   237  003FC8  0E00               	movlw	0
   238  003FCA  6E06               	movwf	(DELAY@k+1)^0,c
   239  003FCC  0E00               	movlw	0
   240  003FCE  6E05               	movwf	DELAY@k^0,c
   241  003FD0                     l823:
   242  003FD0  FFFF               	dw	65535	; assembler added errata NOP
   243  003FD2  4A05               	infsnz	DELAY@k^0,f,c
   244  003FD4  2A06               	incf	(DELAY@k+1)^0,f,c
   245  003FD6  BE06               	btfsc	(DELAY@k+1)^0,7,c
   246  003FD8  D7FB               	goto	l823
   247  003FDA  5006               	movf	(DELAY@k+1)^0,w,c
   248  003FDC  E104               	bnz	u40
   249  003FDE  0E05               	movlw	5
   250  003FE0  5C05               	subwf	DELAY@k^0,w,c
   251  003FE2  A0D8               	btfss	status,0,c
   252  003FE4  D7F5               	goto	l823
   253  003FE6                     u40:
   254  003FE6  4A03               	infsnz	DELAY@j^0,f,c
   255  003FE8  2A04               	incf	(DELAY@j+1)^0,f,c
   256  003FEA                     l829:
   257  003FEA  FFFF               	dw	65535	; assembler added errata NOP
   258  003FEC  5001               	movf	DELAY@i^0,w,c
   259  003FEE  5C03               	subwf	DELAY@j^0,w,c
   260  003FF0  5002               	movf	(DELAY@i+1)^0,w,c
   261  003FF2  5804               	subwfb	(DELAY@j+1)^0,w,c
   262  003FF4  B0D8               	btfsc	status,0,c
   263  003FF6  0012               	return		;funcret
   264  003FF8  FFFF               	dw	65535	; assembler added errata NOP
   265  003FFA  D7E5               	goto	l817
   266  003FFC  FFFF               	dw	65535	; errata NOP
   267  003FFE                     __end_of_DELAY:
   268                           	callstack 0
   269  003FFE  FFFF               	dw	65535	; assembler added errata NOP
   270                           
   271                           	psect	rparam
   272  0000                     
   273                           	psect	idloc
   274                           
   275                           ;Config register IDLOC0 @ 0x200000
   276                           ;	unspecified, using default values
   277  200000                     	org	2097152
   278  200000  FF                 	db	255
   279                           
   280                           ;Config register IDLOC1 @ 0x200001
   281                           ;	unspecified, using default values
   282  200001                     	org	2097153
   283  200001  FF                 	db	255
   284                           
   285                           ;Config register IDLOC2 @ 0x200002
   286                           ;	unspecified, using default values
   287  200002                     	org	2097154
   288  200002  FF                 	db	255
   289                           
   290                           ;Config register IDLOC3 @ 0x200003
   291                           ;	unspecified, using default values
   292  200003                     	org	2097155
   293  200003  FF                 	db	255
   294                           
   295                           ;Config register IDLOC4 @ 0x200004
   296                           ;	unspecified, using default values
   297  200004                     	org	2097156
   298  200004  FF                 	db	255
   299                           
   300                           ;Config register IDLOC5 @ 0x200005
   301                           ;	unspecified, using default values
   302  200005                     	org	2097157
   303  200005  FF                 	db	255
   304                           
   305                           ;Config register IDLOC6 @ 0x200006
   306                           ;	unspecified, using default values
   307  200006                     	org	2097158
   308  200006  FF                 	db	255
   309                           
   310                           ;Config register IDLOC7 @ 0x200007
   311                           ;	unspecified, using default values
   312  200007                     	org	2097159
   313  200007  FF                 	db	255
   314                           
   315                           	psect	config
   316                           
   317                           ; Padding undefined space
   318  300000                     	org	3145728
   319  300000  FF                 	db	255
   320                           
   321                           ;Config register CONFIG1H @ 0x300001
   322                           ;	unspecified, using default values
   323                           ;	Oscillator Selection bits
   324                           ;	OSC = 0x7, unprogrammed default
   325                           ;	Oscillator System Clock Switch Enable bit
   326                           ;	OSCS = 0x1, unprogrammed default
   327  300001                     	org	3145729
   328  300001  27                 	db	39
   329                           
   330                           ;Config register CONFIG2L @ 0x300002
   331                           ;	unspecified, using default values
   332                           ;	Power-up Timer Enable bit
   333                           ;	PWRT = 0x1, unprogrammed default
   334                           ;	Brown-out Reset Enable bit
   335                           ;	BOR = 0x1, unprogrammed default
   336                           ;	Brown-out Reset Voltage bits
   337                           ;	BORV = 0x3, unprogrammed default
   338  300002                     	org	3145730
   339  300002  0F                 	db	15
   340                           
   341                           ;Config register CONFIG2H @ 0x300003
   342                           ;	unspecified, using default values
   343                           ;	Watchdog Timer Enable bit
   344                           ;	WDT = 0x1, unprogrammed default
   345                           ;	Watchdog Timer Postscale Select bits
   346                           ;	WDTPS = 0x7, unprogrammed default
   347  300003                     	org	3145731
   348  300003  0F                 	db	15
   349                           
   350                           ; Padding undefined space
   351  300004                     	org	3145732
   352  300004  FF                 	db	255
   353                           
   354                           ;Config register CONFIG3H @ 0x300005
   355                           ;	unspecified, using default values
   356                           ;	CCP2 Mux bit
   357                           ;	CCP2MUX = 0x1, unprogrammed default
   358  300005                     	org	3145733
   359  300005  01                 	db	1
   360                           
   361                           ;Config register CONFIG4L @ 0x300006
   362                           ;	unspecified, using default values
   363                           ;	Stack Full/Underflow Reset Enable bit
   364                           ;	STVR = 0x1, unprogrammed default
   365                           ;	Low Voltage ICSP Enable bit
   366                           ;	LVP = 0x1, unprogrammed default
   367                           ;	Background Debugger Enable bit
   368                           ;	DEBUG = 0x1, unprogrammed default
   369  300006                     	org	3145734
   370  300006  85                 	db	133
   371                           
   372                           ; Padding undefined space
   373  300007                     	org	3145735
   374  300007  FF                 	db	255
   375                           
   376                           ;Config register CONFIG5L @ 0x300008
   377                           ;	unspecified, using default values
   378                           ;	Code Protection bit
   379                           ;	CP0 = 0x1, unprogrammed default
   380                           ;	Code Protection bit
   381                           ;	CP1 = 0x1, unprogrammed default
   382                           ;	Code Protection bit
   383                           ;	CP2 = 0x1, unprogrammed default
   384                           ;	Code Protection bit
   385                           ;	CP3 = 0x1, unprogrammed default
   386  300008                     	org	3145736
   387  300008  0F                 	db	15
   388                           
   389                           ;Config register CONFIG5H @ 0x300009
   390                           ;	unspecified, using default values
   391                           ;	Boot Block Code Protection bit
   392                           ;	CPB = 0x1, unprogrammed default
   393                           ;	Data EEPROM Code Protection bit
   394                           ;	CPD = 0x1, unprogrammed default
   395  300009                     	org	3145737
   396  300009  C0                 	db	192
   397                           
   398                           ;Config register CONFIG6L @ 0x30000A
   399                           ;	unspecified, using default values
   400                           ;	Write Protection bit
   401                           ;	WRT0 = 0x1, unprogrammed default
   402                           ;	Write Protection bit
   403                           ;	WRT1 = 0x1, unprogrammed default
   404                           ;	Write Protection bit
   405                           ;	WRT2 = 0x1, unprogrammed default
   406                           ;	Write Protection bit
   407                           ;	WRT3 = 0x1, unprogrammed default
   408  30000A                     	org	3145738
   409  30000A  0F                 	db	15
   410                           
   411                           ;Config register CONFIG6H @ 0x30000B
   412                           ;	unspecified, using default values
   413                           ;	Configuration Register Write Protection bit
   414                           ;	WRTC = 0x1, unprogrammed default
   415                           ;	Boot Block Write Protection bit
   416                           ;	WRTB = 0x1, unprogrammed default
   417                           ;	Data EEPROM Write Protection bit
   418                           ;	WRTD = 0x1, unprogrammed default
   419  30000B                     	org	3145739
   420  30000B  E0                 	db	224
   421                           
   422                           ;Config register CONFIG7L @ 0x30000C
   423                           ;	unspecified, using default values
   424                           ;	Table Read Protection bit
   425                           ;	EBTR0 = 0x1, unprogrammed default
   426                           ;	Table Read Protection bit
   427                           ;	EBTR1 = 0x1, unprogrammed default
   428                           ;	Table Read Protection bit
   429                           ;	EBTR2 = 0x1, unprogrammed default
   430                           ;	Table Read Protection bit
   431                           ;	EBTR3 = 0x1, unprogrammed default
   432  30000C                     	org	3145740
   433  30000C  0F                 	db	15
   434                           
   435                           ;Config register CONFIG7H @ 0x30000D
   436                           ;	unspecified, using default values
   437                           ;	Boot Block Table Read Protection bit
   438                           ;	EBTRB = 0x1, unprogrammed default
   439  30000D                     	org	3145741
   440  30000D  40                 	db	64
   441                           tosu	equ	0xFFF
   442                           tosh	equ	0xFFE
   443                           tosl	equ	0xFFD
   444                           stkptr	equ	0xFFC
   445                           pclatu	equ	0xFFB
   446                           pclath	equ	0xFFA
   447                           pcl	equ	0xFF9
   448                           tblptru	equ	0xFF8
   449                           tblptrh	equ	0xFF7
   450                           tblptrl	equ	0xFF6
   451                           tablat	equ	0xFF5
   452                           prodh	equ	0xFF4
   453                           prodl	equ	0xFF3
   454                           indf0	equ	0xFEF
   455                           postinc0	equ	0xFEE
   456                           postdec0	equ	0xFED
   457                           preinc0	equ	0xFEC
   458                           plusw0	equ	0xFEB
   459                           fsr0h	equ	0xFEA
   460                           fsr0l	equ	0xFE9
   461                           wreg	equ	0xFE8
   462                           indf1	equ	0xFE7
   463                           postinc1	equ	0xFE6
   464                           postdec1	equ	0xFE5
   465                           preinc1	equ	0xFE4
   466                           plusw1	equ	0xFE3
   467                           fsr1h	equ	0xFE2
   468                           fsr1l	equ	0xFE1
   469                           bsr	equ	0xFE0
   470                           indf2	equ	0xFDF
   471                           postinc2	equ	0xFDE
   472                           postdec2	equ	0xFDD
   473                           preinc2	equ	0xFDC
   474                           plusw2	equ	0xFDB
   475                           fsr2h	equ	0xFDA
   476                           fsr2l	equ	0xFD9
   477                           status	equ	0xFD8

Data Sizes:
    Strings     0
    Constant    0
    Data        0
    BSS         0
    Persistent  0
    Stack       0

Auto Spaces:
    Space          Size  Autos    Used
    COMRAM          127      6       6
    BANK0           128      0       0
    BANK1           256      0       0
    BANK2           256      0       0
    BANK3           256      0       0
    BANK4           256      0       0
    BANK5           256      0       0

Pointer List with Targets:

    None.

Critical Paths under _main in COMRAM

    _main->_DELAY

Critical Paths under _main in BANK0

    None.

Critical Paths under _main in BANK1

    None.

Critical Paths under _main in BANK2

    None.

Critical Paths under _main in BANK3

    None.

Critical Paths under _main in BANK4

    None.

Critical Paths under _main in BANK5

    None.

Call Graph Tables:

 ---------------------------------------------------------------------------------
 (Depth) Function   	        Calls       Base Space   Used Autos Params    Refs
 ---------------------------------------------------------------------------------
 (0) _main                                                 0     0      0     244
                              _DELAY
 ---------------------------------------------------------------------------------
 (1) _DELAY                                                6     4      2     244
                                              0 COMRAM     6     4      2
 ---------------------------------------------------------------------------------
 Estimated maximum stack depth 1
 ---------------------------------------------------------------------------------

 Call Graph Graphs:

 _main (ROOT)
   _DELAY

 Address spaces:
Name               Size   Autos  Total    Cost      Usage
BITCOMRAM           7F      0       0       0        0.0%
EEDATA             100      0       0       0        0.0%
NULL                 0      0       0       0        0.0%
CODE                 0      0       0       0        0.0%
COMRAM              7F      6       6       1        4.7%
STACK                0      0       0       2        0.0%
DATA                 0      0       0       3        0.0%
BITBANK0            80      0       0       4        0.0%
BANK0               80      0       0       5        0.0%
BITBANK1           100      0       0       6        0.0%
BANK1              100      0       0       7        0.0%
BITBANK2           100      0       0       8        0.0%
BANK2              100      0       0       9        0.0%
BITBANK3           100      0       0      10        0.0%
BANK3              100      0       0      11        0.0%
BITBANK4           100      0       0      12        0.0%
BANK4              100      0       0      13        0.0%
BANK5              100      0       0      14        0.0%
ABS                  0      0       0      15        0.0%
BITBANK5           100      0       0      16        0.0%
BIGRAM             5FF      0       0      17        0.0%
BITSFR               0      0       0     200        0.0%
SFR                  0      0       0     200        0.0%


Microchip Technology PIC18 Macro Assembler V2.32 build 20210201212658 
Symbol Table                                                                                   Fri Jul 23 19:48:33 2021

                                                                  l28 3F9E  
                                                                  u40 3FE6  
                                                                 l823 3FD0  
                                                                 l817 3FC6  
                                                                 l835 3F8E  
                                                                 l829 3FEA  
                                                                _main 3F7A  
                                                                start 0002  
                                                        ___param_bank 000000  
                                                               ?_main 0001  
                                                               _DELAY 3FBA  
                                                               _PORTC 000F82  
                                                               _PORTD 000F83  
                                                               _TRISC 000F94  
                                                               _TRISD 000F95  
                                                               status 000FD8  
                                                     __initialization 3F74  
                                                        __end_of_main 3FBA  
                                                              DELAY@i 0001  
                                                              DELAY@j 0003  
                                                              DELAY@k 0005  
                                                              ??_main 0007  
                                                              ?_DELAY 0001  
                                                       __activetblptr 000000  
                                                              _ADCON0 000FC2  
                                                              _ADCON1 000FC1  
                                                              _ADRESH 000FC4  
                                                              _ADRESL 000FC3  
                                                              isa$std 000001  
                                                          __accesstop 0080  
                                             __end_of__initialization 3F74  
                                                       __end_of_DELAY 3FFE  
                                                       ___rparam_used 000001  
                                                      __pcstackCOMRAM 0001  
                                                             ??_DELAY 0003  
                                                             __Hparam 0000  
                                                             __Lparam 0000  
                                                             __pcinit 3F74  
                                                             __ramtop 0600  
                                                             __ptext0 3F7A  
                                                             __ptext1 3FBA  
                                                end_of_initialization 3F74  
                                                           _TRISAbits 000F92  
                                                 start_initialization 3F74  
                                                      __size_of_DELAY 0044  
                                                          _ADCON0bits 000FC2  
                                                            __Hrparam 0000  
                                                            __Lrparam 0000  
                                                       __size_of_main 0040  
                                                            isa$xinst 000000  
